# JRE version: Java(TM) SE Runtime Environment (16.0.1+9) (build 16.0.1+9-24)
# Java VM: Java HotSpot(TM) 64-Bit Server VM (16.0.1+9-24, mixed mode, sharing, tiered, compressed oops, compressed class ptrs, g1 gc, bsd-amd64)
GC Precious Log:
 CPUs: 8 total, 8 available
 Memory: 16384M
 Large Page Support: Disabled
 NUMA Support: Disabled
 Compressed Oops: Enabled (Zero based)
 Heap Region Size: 1M
 Heap Min Capacity: 256M
 Heap Initial Capacity: 256M
 Heap Max Capacity: 512M
 Pre-touch: Disabled
 Parallel Workers: 8
 Concurrent Workers: 2
 Concurrent Refinement Workers: 8
 Periodic GC: Disabled
Heap:
 garbage-first heap   total 398336K, used 321142K [0x00000007e0000000, 0x0000000800000000)
  region size 1024K, 147 young (150528K), 11 survivors (11264K)
 Metaspace       used 141340K, committed 142912K, reserved 344064K
  class space    used 17318K, committed 18112K, reserved 212992K
GC Heap History (20 events):
Event: 36804.722 GC heap after
{Heap after GC invocations=220 (full 3):
 garbage-first heap   total 398336K, used 156052K [0x00000007e0000000, 0x0000000800000000)
  region size 1024K, 11 young (11264K), 11 survivors (11264K)
 Metaspace       used 134667K, committed 136768K, reserved 344064K
  class space    used 16519K, committed 17856K, reserved 212992K
}
Event: 36805.975 GC heap before
{Heap before GC invocations=221 (full 3):
 garbage-first heap   total 398336K, used 303508K [0x00000007e0000000, 0x0000000800000000)
  region size 1024K, 154 young (157696K), 11 survivors (11264K)
 Metaspace       used 136302K, committed 138176K, reserved 344064K
  class space    used 16688K, committed 17856K, reserved 212992K
}
Event: 36805.991 GC heap after
{Heap after GC invocations=222 (full 3):
 garbage-first heap   total 398336K, used 154214K [0x00000007e0000000, 0x0000000800000000)
  region size 1024K, 6 young (6144K), 6 survivors (6144K)
 Metaspace       used 136302K, committed 138176K, reserved 344064K
  class space    used 16688K, committed 17856K, reserved 212992K
}
Event: 36806.613 GC heap before
{Heap before GC invocations=222 (full 3):
 garbage-first heap   total 398336K, used 308838K [0x00000007e0000000, 0x0000000800000000)
  region size 1024K, 157 young (160768K), 6 survivors (6144K)
 Metaspace       used 136693K, committed 138560K, reserved 344064K
  class space    used 16743K, committed 17856K, reserved 212992K
}
Event: 36806.621 GC heap after
{Heap after GC invocations=223 (full 3):
 garbage-first heap   total 398336K, used 159481K [0x00000007e0000000, 0x0000000800000000)
  region size 1024K, 12 young (12288K), 12 survivors (12288K)
 Metaspace       used 136693K, committed 138560K, reserved 344064K
  class space    used 16743K, committed 17856K, reserved 212992K
}
Event: 37014.119 GC heap before
{Heap before GC invocations=224 (full 3):
 garbage-first heap   total 398336K, used 313081K [0x00000007e0000000, 0x0000000800000000)
  region size 1024K, 163 young (166912K), 12 survivors (12288K)
 Metaspace       used 138471K, committed 140096K, reserved 344064K
  class space    used 16983K, committed 17856K, reserved 212992K
}
Event: 37014.133 GC heap after
{Heap after GC invocations=225 (full 3):
 garbage-first heap   total 398336K, used 162792K [0x00000007e0000000, 0x0000000800000000)
  region size 1024K, 10 young (10240K), 10 survivors (10240K)
 Metaspace       used 138471K, committed 140096K, reserved 344064K
  class space    used 16983K, committed 17856K, reserved 212992K
}
Event: 37131.766 GC heap before
{Heap before GC invocations=225 (full 3):
 garbage-first heap   total 398336K, used 319464K [0x00000007e0000000, 0x0000000800000000)
  region size 1024K, 164 young (167936K), 10 survivors (10240K)
 Metaspace       used 138503K, committed 140160K, reserved 344064K
  class space    used 16985K, committed 17856K, reserved 212992K
}
Event: 37131.780 GC heap after
{Heap after GC invocations=226 (full 3):
 garbage-first heap   total 398336K, used 167097K [0x00000007e0000000, 0x0000000800000000)
  region size 1024K, 14 young (14336K), 14 survivors (14336K)
 Metaspace       used 138503K, committed 140160K, reserved 344064K
  class space    used 16985K, committed 17856K, reserved 212992K
}
Event: 37181.122 GC heap before
{Heap before GC invocations=227 (full 3):
 garbage-first heap   total 398336K, used 320697K [0x00000007e0000000, 0x0000000800000000)
  region size 1024K, 168 young (172032K), 14 survivors (14336K)
 Metaspace       used 138577K, committed 140224K, reserved 344064K
  class space    used 17025K, committed 17856K, reserved 212992K
}
Event: 37181.137 GC heap after
{Heap after GC invocations=228 (full 3):
 garbage-first heap   total 398336K, used 160263K [0x00000007e0000000, 0x0000000800000000)
  region size 1024K, 5 young (5120K), 5 survivors (5120K)
 Metaspace       used 138577K, committed 140224K, reserved 344064K
  class space    used 17025K, committed 17856K, reserved 212992K
}
Event: 37219.274 GC heap before
{Heap before GC invocations=228 (full 3):
 garbage-first heap   total 398336K, used 173575K [0x00000007e0000000, 0x0000000800000000)
  region size 1024K, 19 young (19456K), 5 survivors (5120K)
 Metaspace       used 139253K, committed 140800K, reserved 344064K
  class space    used 17102K, committed 17856K, reserved 212992K
}
Event: 37219.289 GC heap after
{Heap after GC invocations=229 (full 3):
 garbage-first heap   total 398336K, used 160980K [0x00000007e0000000, 0x0000000800000000)
  region size 1024K, 5 young (5120K), 5 survivors (5120K)
 Metaspace       used 139253K, committed 140800K, reserved 344064K
  class space    used 17102K, committed 17856K, reserved 212992K
}
Event: 37219.812 GC heap before
{Heap before GC invocations=230 (full 3):
 garbage-first heap   total 398336K, used 224468K [0x00000007e0000000, 0x0000000800000000)
  region size 1024K, 59 young (60416K), 5 survivors (5120K)
 Metaspace       used 139449K, committed 141056K, reserved 344064K
  class space    used 17101K, committed 17856K, reserved 212992K
}
Event: 37219.828 GC heap after
{Heap after GC invocations=231 (full 3):
 garbage-first heap   total 398336K, used 171048K [0x00000007e0000000, 0x0000000800000000)
  region size 1024K, 15 young (15360K), 15 survivors (15360K)
 Metaspace       used 139449K, committed 141056K, reserved 344064K
  class space    used 17101K, committed 17856K, reserved 212992K
}
Event: 37220.684 GC heap before
{Heap before GC invocations=232 (full 3):
 garbage-first heap   total 398336K, used 335912K [0x00000007e0000000, 0x0000000800000000)
  region size 1024K, 170 young (174080K), 15 survivors (15360K)
 Metaspace       used 139602K, committed 141184K, reserved 344064K
  class space    used 17103K, committed 17856K, reserved 212992K
}
Event: 37220.730 GC heap after
{Heap after GC invocations=233 (full 3):
 garbage-first heap   total 398336K, used 197574K [0x00000007e0000000, 0x0000000800000000)
  region size 1024K, 22 young (22528K), 22 survivors (22528K)
 Metaspace       used 139602K, committed 141184K, reserved 344064K
  class space    used 17103K, committed 17856K, reserved 212992K
}
Event: 37220.739 GC heap before
{Heap before GC invocations=233 (full 3):
 garbage-first heap   total 398336K, used 197574K [0x00000007e0000000, 0x0000000800000000)
  region size 1024K, 23 young (23552K), 22 survivors (22528K)
 Metaspace       used 139602K, committed 141184K, reserved 344064K
  class space    used 17103K, committed 17856K, reserved 212992K
}
Event: 37220.806 GC heap after
{Heap after GC invocations=234 (full 3):
 garbage-first heap   total 398336K, used 181878K [0x00000007e0000000, 0x0000000800000000)
  region size 1024K, 3 young (3072K), 3 survivors (3072K)
 Metaspace       used 139602K, committed 141184K, reserved 344064K
  class space    used 17103K, committed 17856K, reserved 212992K
}
Event: 37222.101 GC heap before
{Heap before GC invocations=234 (full 3):
 garbage-first heap   total 398336K, used 321142K [0x00000007e0000000, 0x0000000800000000)
  region size 1024K, 139 young (142336K), 3 survivors (3072K)
 Metaspace       used 141340K, committed 142912K, reserved 344064K
  class space    used 17318K, committed 18112K, reserved 212992K
}

